15:36:39 [ INFO] Pressed key: Key(Char('d'))
15:36:39 [ INFO] Pressed key: Key(Char('s'))
15:36:39 [ INFO] Pressed key: Key(Char('a'))
15:36:39 [ INFO] Pressed key: Key(Char('d'))
15:36:39 [ INFO] Pressed key: Key(Char('a'))
15:36:39 [ INFO] Pressed key: Key(Char('d'))
15:36:40 [ INFO] Selected class: Vampire
15:36:40 [ INFO] Pressed key: Key(Char('V'))
15:36:41 [ INFO] 0
15:36:41 [ INFO] Pressed key: Mouse(Press(Left, 28, 14))
15:36:41 [ INFO] Pressed key: Mouse(Hold(28, 14))
15:36:41 [ INFO] Pressed key: Mouse(Hold(29, 14))
15:36:41 [ INFO] Pressed key: Mouse(Hold(29, 15))
15:36:41 [ INFO] Pressed key: Mouse(Hold(29, 15))
15:36:41 [ INFO] Pressed key: Mouse(Hold(30, 16))
15:36:41 [ INFO] Pressed key: Mouse(Hold(31, 17))
15:36:41 [ INFO] Pressed key: Mouse(Hold(31, 18))
15:36:41 [ INFO] Pressed key: Mouse(Hold(32, 19))
15:36:41 [ INFO] Pressed key: Mouse(Hold(32, 19))
15:36:41 [ INFO] Pressed key: Mouse(Hold(33, 20))
15:36:41 [ INFO] Pressed key: Mouse(Hold(34, 21))
15:36:41 [ INFO] Pressed key: Mouse(Hold(35, 21))
15:36:41 [ INFO] Pressed key: Mouse(Hold(35, 22))
15:36:41 [ INFO] Pressed key: Mouse(Hold(36, 23))
15:36:41 [ INFO] Pressed key: Mouse(Hold(37, 23))
15:36:41 [ INFO] Pressed key: Mouse(Hold(38, 24))
15:36:41 [ INFO] Pressed key: Mouse(Hold(38, 24))
15:36:41 [ INFO] Pressed key: Mouse(Hold(39, 25))
15:36:41 [ INFO] Pressed key: Mouse(Hold(40, 25))
15:36:41 [ INFO] Pressed key: Mouse(Hold(40, 25))
15:36:41 [ INFO] Pressed key: Mouse(Hold(41, 26))
15:36:41 [ INFO] Pressed key: Mouse(Hold(42, 26))
15:36:41 [ INFO] Pressed key: Mouse(Hold(43, 26))
15:36:41 [ INFO] Pressed key: Mouse(Hold(44, 26))
15:36:41 [ INFO] Pressed key: Mouse(Hold(45, 26))
15:36:41 [ INFO] Pressed key: Mouse(Hold(46, 26))
15:36:41 [ INFO] Pressed key: Mouse(Hold(47, 26))
15:36:41 [ INFO] Pressed key: Mouse(Hold(48, 26))
15:36:41 [ INFO] Pressed key: Mouse(Hold(49, 25))
15:36:41 [ INFO] Pressed key: Mouse(Hold(51, 25))
15:36:41 [ INFO] Pressed key: Mouse(Hold(53, 25))
15:36:41 [ INFO] Pressed key: Mouse(Hold(54, 24))
15:36:41 [ INFO] Pressed key: Mouse(Hold(56, 24))
15:36:41 [ INFO] Pressed key: Mouse(Hold(57, 24))
15:36:41 [ INFO] Pressed key: Mouse(Hold(58, 23))
15:36:41 [ INFO] Pressed key: Mouse(Hold(60, 23))
15:36:41 [ INFO] Pressed key: Mouse(Hold(60, 23))
15:36:41 [ INFO] Pressed key: Mouse(Hold(61, 22))
15:36:41 [ INFO] Pressed key: Mouse(Hold(62, 22))
15:36:41 [ INFO] Pressed key: Mouse(Hold(62, 22))
15:36:41 [ INFO] Pressed key: Mouse(Hold(62, 22))
15:36:41 [ INFO] Pressed key: Mouse(Hold(62, 22))
15:36:41 [ INFO] Pressed key: Mouse(Hold(63, 22))
15:36:41 [ INFO] Pressed key: Mouse(Release(63, 22))
15:36:41 [ INFO] 7
15:36:41 [ INFO] Pressed key: Mouse(Press(Left, 60, 22))
15:36:41 [ INFO] Pressed key: Mouse(Release(60, 22))
15:36:41 [ INFO] 7
15:36:41 [ INFO] Pressed key: Mouse(Press(Left, 60, 22))
15:36:42 [ INFO] Pressed key: Mouse(Release(60, 22))
15:36:42 [ INFO] 7
15:36:42 [ INFO] Pressed key: Mouse(Press(Left, 60, 22))
15:36:42 [ INFO] Pressed key: Mouse(Release(60, 22))
15:36:42 [ INFO] 7
15:36:42 [ INFO] Pressed key: Mouse(Press(Left, 60, 22))
15:36:42 [ INFO] Pressed key: Mouse(Release(60, 22))
